{
  "/home/bartosz/projects/speeddial/src/sentry.ts": {
    "path": "/home/bartosz/projects/speeddial/src/sentry.ts",
    "statementMap": {
      "0": {
        "start": {
          "line": 2,
          "column": 0
        },
        "end": {
          "line": 15,
          "column": 1
        }
      },
      "1": {
        "start": {
          "line": 3,
          "column": 2
        },
        "end": {
          "line": 14,
          "column": 5
        }
      }
    },
    "fnMap": {},
    "branchMap": {
      "0": {
        "loc": {
          "start": {
            "line": 2,
            "column": 0
          },
          "end": {
            "line": 15,
            "column": 1
          }
        },
        "type": "if",
        "locations": [
          {
            "start": {
              "line": 2,
              "column": 0
            },
            "end": {
              "line": 15,
              "column": 1
            }
          },
          {
            "start": {},
            "end": {}
          }
        ],
        "line": 2
      }
    },
    "s": {
      "0": 2,
      "1": 2
    },
    "f": {},
    "b": {
      "0": [
        2,
        0
      ]
    },
    "inputSourceMap": {
      "version": 3,
      "sources": [
        "/home/bartosz/projects/speeddial/src/sentry.ts"
      ],
      "mappings": "AAAA,SAAS,QAAQ,YAAY,sBAAsB;AAGnD,IAAI,YAAY,IAAI,iBAAiB;AACjC,aAAW;AAAA,IACP,KAAK,YAAY,IAAI;AAAA,IACrB,aAAa,YAAY,IAAI;AAAA,IAC7B,cAAc,CAAC,IAAI,eAAe,CAAC;AAAA;AAAA;AAAA;AAAA;AAAA;AAAA,IAOnC,kBAAkB;AAAA,IAClB,QAAQ;AAAA,EACZ,CAAC;AACL;",
      "names": []
    },
    "_coverageSchema": "1a1c01bbd47fc00a2c39e90264f33305004495a9",
    "hash": "dc7f5175cf4898129388a16b031ff548d66e6367"
  },
  "/home/bartosz/projects/speeddial/src/i18n.ts": {
    "path": "/home/bartosz/projects/speeddial/src/i18n.ts",
    "statementMap": {
      "0": {
        "start": {
          "line": 5,
          "column": 0
        },
        "end": {
          "line": 11,
          "column": 3
        }
      }
    },
    "fnMap": {},
    "branchMap": {
      "0": {
        "loc": {
          "start": {
            "line": 7,
            "column": 15
          },
          "end": {
            "line": 7,
            "column": 58
          }
        },
        "type": "cond-expr",
        "locations": [
          {
            "start": {
              "line": 7,
              "column": 37
            },
            "end": {
              "line": 7,
              "column": 42
            }
          },
          {
            "start": {
              "line": 7,
              "column": 45
            },
            "end": {
              "line": 7,
              "column": 58
            }
          }
        ],
        "line": 7
      },
      "1": {
        "loc": {
          "start": {
            "line": 10,
            "column": 17
          },
          "end": {
            "line": 10,
            "column": 73
          }
        },
        "type": "cond-expr",
        "locations": [
          {
            "start": {
              "line": 10,
              "column": 39
            },
            "end": {
              "line": 10,
              "column": 58
            }
          },
          {
            "start": {
              "line": 10,
              "column": 61
            },
            "end": {
              "line": 10,
              "column": 73
            }
          }
        ],
        "line": 10
      }
    },
    "s": {
      "0": 2
    },
    "f": {},
    "b": {
      "0": [
        2,
        0
      ],
      "1": [
        2,
        0
      ]
    },
    "inputSourceMap": {
      "version": 3,
      "sources": [
        "/home/bartosz/projects/speeddial/src/i18n.ts"
      ],
      "mappings": "AAAA,OAAO,UAAU;AACjB,OAAO,sBAAsB;AAC7B,OAAO,aAAa;AACpB,SAAS,wBAAwB;AAcjC,MAAM,KACD,IAAI,OAAO,EACX,IAAI,gBAAgB,EACpB,IAAI,gBAAgB,EACpB,KAAK;AAAA,EACF,OAAO,YAAY,IAAI;AAAA,EACvB,aAAa,YAAY,IAAI,MAAM,QAAQ,CAAC,MAAM,KAAK;AAAA,EACvD,eAAe,EAAE,aAAa,MAAM;AAAA,EACpC,MAAM;AAAA,EACN,eAAe,YAAY,IAAI,MAAM,CAAC,MAAM,MAAM,KAAK,IAAI,CAAC,MAAM,IAAI;AAC1E,CAAC;",
      "names": []
    },
    "_coverageSchema": "1a1c01bbd47fc00a2c39e90264f33305004495a9",
    "hash": "630504375fcb2e1299f98ab6b43dc80da70b5e91"
  },
  "/home/bartosz/projects/speeddial/src/data/redux-toolkit.ts": {
    "path": "/home/bartosz/projects/speeddial/src/data/redux-toolkit.ts",
    "statementMap": {
      "0": {
        "start": {
          "line": 3,
          "column": 30
        },
        "end": {
          "line": 3,
          "column": 41
        }
      },
      "1": {
        "start": {
          "line": 4,
          "column": 35
        },
        "end": {
          "line": 4,
          "column": 63
        }
      }
    },
    "fnMap": {},
    "branchMap": {},
    "s": {
      "0": 2,
      "1": 2
    },
    "f": {},
    "b": {},
    "inputSourceMap": {
      "version": 3,
      "sources": [
        "/home/bartosz/projects/speeddial/src/data/redux-toolkit.ts"
      ],
      "mappings": "AAAA,SAAS,wBAAwB;AACjC,SAAS,mBAAmB;AAKrB,aAAM,iBAA0C;AAEhD,aAAM,sBAAsB,iBAAiB,UAKjD;",
      "names": []
    },
    "_coverageSchema": "1a1c01bbd47fc00a2c39e90264f33305004495a9",
    "hash": "a14c455ed7affe49f3442a578f985b75b289b2dc"
  },
  "/home/bartosz/projects/speeddial/src/data/config/slice.ts": {
    "path": "/home/bartosz/projects/speeddial/src/data/config/slice.ts",
    "statementMap": {
      "0": {
        "start": {
          "line": 4,
          "column": 28
        },
        "end": {
          "line": 7,
          "column": 2
        }
      },
      "1": {
        "start": {
          "line": 4,
          "column": 35
        },
        "end": {
          "line": 7,
          "column": 1
        }
      },
      "2": {
        "start": {
          "line": 8,
          "column": 35
        },
        "end": {
          "line": 8,
          "column": 39
        }
      },
      "3": {
        "start": {
          "line": 9,
          "column": 23
        },
        "end": {
          "line": 23,
          "column": 1
        }
      },
      "4": {
        "start": {
          "line": 11,
          "column": 8
        },
        "end": {
          "line": 22,
          "column": 4
        }
      },
      "5": {
        "start": {
          "line": 12,
          "column": 17
        },
        "end": {
          "line": 12,
          "column": 94
        }
      },
      "6": {
        "start": {
          "line": 13,
          "column": 18
        },
        "end": {
          "line": 13,
          "column": 45
        }
      },
      "7": {
        "start": {
          "line": 14,
          "column": 4
        },
        "end": {
          "line": 14,
          "column": 82
        }
      },
      "8": {
        "start": {
          "line": 15,
          "column": 4
        },
        "end": {
          "line": 15,
          "column": 50
        }
      },
      "9": {
        "start": {
          "line": 16,
          "column": 4
        },
        "end": {
          "line": 16,
          "column": 18
        }
      },
      "10": {
        "start": {
          "line": 17,
          "column": 4
        },
        "end": {
          "line": 21,
          "column": 35
        }
      },
      "11": {
        "start": {
          "line": 18,
          "column": 6
        },
        "end": {
          "line": 18,
          "column": 45
        }
      },
      "12": {
        "start": {
          "line": 19,
          "column": 6
        },
        "end": {
          "line": 19,
          "column": 21
        }
      },
      "13": {
        "start": {
          "line": 20,
          "column": 6
        },
        "end": {
          "line": 20,
          "column": 16
        }
      },
      "14": {
        "start": {
          "line": 24,
          "column": 23
        },
        "end": {
          "line": 52,
          "column": 1
        }
      },
      "15": {
        "start": {
          "line": 26,
          "column": 19
        },
        "end": {
          "line": 51,
          "column": 4
        }
      },
      "16": {
        "start": {
          "line": 27,
          "column": 18
        },
        "end": {
          "line": 27,
          "column": 49
        }
      },
      "17": {
        "start": {
          "line": 28,
          "column": 4
        },
        "end": {
          "line": 28,
          "column": 24
        }
      },
      "18": {
        "start": {
          "line": 29,
          "column": 4
        },
        "end": {
          "line": 29,
          "column": 38
        }
      },
      "19": {
        "start": {
          "line": 30,
          "column": 4
        },
        "end": {
          "line": 45,
          "column": 7
        }
      },
      "20": {
        "start": {
          "line": 31,
          "column": 19
        },
        "end": {
          "line": 31,
          "column": 35
        }
      },
      "21": {
        "start": {
          "line": 32,
          "column": 6
        },
        "end": {
          "line": 42,
          "column": 7
        }
      },
      "22": {
        "start": {
          "line": 33,
          "column": 8
        },
        "end": {
          "line": 33,
          "column": 40
        }
      },
      "23": {
        "start": {
          "line": 34,
          "column": 25
        },
        "end": {
          "line": 34,
          "column": 42
        }
      },
      "24": {
        "start": {
          "line": 35,
          "column": 21
        },
        "end": {
          "line": 35,
          "column": 41
        }
      },
      "25": {
        "start": {
          "line": 36,
          "column": 8
        },
        "end": {
          "line": 40,
          "column": 9
        }
      },
      "26": {
        "start": {
          "line": 37,
          "column": 10
        },
        "end": {
          "line": 39,
          "column": 11
        }
      },
      "27": {
        "start": {
          "line": 38,
          "column": 12
        },
        "end": {
          "line": 38,
          "column": 49
        }
      },
      "28": {
        "start": {
          "line": 41,
          "column": 8
        },
        "end": {
          "line": 41,
          "column": 33
        }
      },
      "29": {
        "start": {
          "line": 43,
          "column": 6
        },
        "end": {
          "line": 43,
          "column": 21
        }
      },
      "30": {
        "start": {
          "line": 44,
          "column": 6
        },
        "end": {
          "line": 44,
          "column": 16
        }
      },
      "31": {
        "start": {
          "line": 46,
          "column": 4
        },
        "end": {
          "line": 49,
          "column": 7
        }
      },
      "32": {
        "start": {
          "line": 47,
          "column": 6
        },
        "end": {
          "line": 47,
          "column": 21
        }
      },
      "33": {
        "start": {
          "line": 48,
          "column": 6
        },
        "end": {
          "line": 48,
          "column": 16
        }
      },
      "34": {
        "start": {
          "line": 50,
          "column": 4
        },
        "end": {
          "line": 50,
          "column": 18
        }
      },
      "35": {
        "start": {
          "line": 53,
          "column": 60
        },
        "end": {
          "line": 67,
          "column": 2
        }
      },
      "36": {
        "start": {
          "line": 58,
          "column": 6
        },
        "end": {
          "line": 58,
          "column": 29
        }
      },
      "37": {
        "start": {
          "line": 61,
          "column": 6
        },
        "end": {
          "line": 61,
          "column": 30
        }
      },
      "38": {
        "start": {
          "line": 64,
          "column": 6
        },
        "end": {
          "line": 64,
          "column": 37
        }
      },
      "39": {
        "start": {
          "line": 68,
          "column": 23
        },
        "end": {
          "line": 72,
          "column": 1
        }
      }
    },
    "fnMap": {
      "0": {
        "name": "(anonymous_0)",
        "decl": {
          "start": {
            "line": 4,
            "column": 28
          },
          "end": {
            "line": 4,
            "column": 29
          }
        },
        "loc": {
          "start": {
            "line": 4,
            "column": 35
          },
          "end": {
            "line": 7,
            "column": 1
          }
        },
        "line": 4
      },
      "1": {
        "name": "(anonymous_1)",
        "decl": {
          "start": {
            "line": 11,
            "column": 2
          },
          "end": {
            "line": 11,
            "column": 3
          }
        },
        "loc": {
          "start": {
            "line": 11,
            "column": 8
          },
          "end": {
            "line": 22,
            "column": 4
          }
        },
        "line": 11
      },
      "2": {
        "name": "(anonymous_2)",
        "decl": {
          "start": {
            "line": 11,
            "column": 20
          },
          "end": {
            "line": 11,
            "column": 21
          }
        },
        "loc": {
          "start": {
            "line": 11,
            "column": 33
          },
          "end": {
            "line": 22,
            "column": 3
          }
        },
        "line": 11
      },
      "3": {
        "name": "(anonymous_3)",
        "decl": {
          "start": {
            "line": 17,
            "column": 15
          },
          "end": {
            "line": 17,
            "column": 16
          }
        },
        "loc": {
          "start": {
            "line": 17,
            "column": 21
          },
          "end": {
            "line": 21,
            "column": 5
          }
        },
        "line": 17
      },
      "4": {
        "name": "(anonymous_4)",
        "decl": {
          "start": {
            "line": 26,
            "column": 2
          },
          "end": {
            "line": 26,
            "column": 3
          }
        },
        "loc": {
          "start": {
            "line": 26,
            "column": 19
          },
          "end": {
            "line": 51,
            "column": 4
          }
        },
        "line": 26
      },
      "5": {
        "name": "(anonymous_5)",
        "decl": {
          "start": {
            "line": 26,
            "column": 31
          },
          "end": {
            "line": 26,
            "column": 32
          }
        },
        "loc": {
          "start": {
            "line": 26,
            "column": 44
          },
          "end": {
            "line": 51,
            "column": 3
          }
        },
        "line": 26
      },
      "6": {
        "name": "(anonymous_6)",
        "decl": {
          "start": {
            "line": 30,
            "column": 37
          },
          "end": {
            "line": 30,
            "column": 38
          }
        },
        "loc": {
          "start": {
            "line": 30,
            "column": 49
          },
          "end": {
            "line": 45,
            "column": 5
          }
        },
        "line": 30
      },
      "7": {
        "name": "(anonymous_7)",
        "decl": {
          "start": {
            "line": 46,
            "column": 37
          },
          "end": {
            "line": 46,
            "column": 38
          }
        },
        "loc": {
          "start": {
            "line": 46,
            "column": 43
          },
          "end": {
            "line": 49,
            "column": 5
          }
        },
        "line": 46
      },
      "8": {
        "name": "(anonymous_8)",
        "decl": {
          "start": {
            "line": 57,
            "column": 4
          },
          "end": {
            "line": 57,
            "column": 5
          }
        },
        "loc": {
          "start": {
            "line": 57,
            "column": 21
          },
          "end": {
            "line": 59,
            "column": 5
          }
        },
        "line": 57
      },
      "9": {
        "name": "(anonymous_9)",
        "decl": {
          "start": {
            "line": 60,
            "column": 4
          },
          "end": {
            "line": 60,
            "column": 5
          }
        },
        "loc": {
          "start": {
            "line": 60,
            "column": 22
          },
          "end": {
            "line": 62,
            "column": 5
          }
        },
        "line": 60
      },
      "10": {
        "name": "(anonymous_10)",
        "decl": {
          "start": {
            "line": 63,
            "column": 4
          },
          "end": {
            "line": 63,
            "column": 5
          }
        },
        "loc": {
          "start": {
            "line": 63,
            "column": 37
          },
          "end": {
            "line": 65,
            "column": 5
          }
        },
        "line": 63
      }
    },
    "branchMap": {
      "0": {
        "loc": {
          "start": {
            "line": 32,
            "column": 6
          },
          "end": {
            "line": 42,
            "column": 7
          }
        },
        "type": "if",
        "locations": [
          {
            "start": {
              "line": 32,
              "column": 6
            },
            "end": {
              "line": 42,
              "column": 7
            }
          },
          {
            "start": {},
            "end": {}
          }
        ],
        "line": 32
      },
      "1": {
        "loc": {
          "start": {
            "line": 37,
            "column": 10
          },
          "end": {
            "line": 39,
            "column": 11
          }
        },
        "type": "if",
        "locations": [
          {
            "start": {
              "line": 37,
              "column": 10
            },
            "end": {
              "line": 39,
              "column": 11
            }
          },
          {
            "start": {},
            "end": {}
          }
        ],
        "line": 37
      }
    },
    "s": {
      "0": 2,
      "1": 6,
      "2": 2,
      "3": 2,
      "4": 0,
      "5": 0,
      "6": 0,
      "7": 0,
      "8": 0,
      "9": 0,
      "10": 0,
      "11": 0,
      "12": 0,
      "13": 0,
      "14": 2,
      "15": 0,
      "16": 0,
      "17": 0,
      "18": 0,
      "19": 0,
      "20": 0,
      "21": 0,
      "22": 0,
      "23": 0,
      "24": 0,
      "25": 0,
      "26": 0,
      "27": 0,
      "28": 0,
      "29": 0,
      "30": 0,
      "31": 0,
      "32": 0,
      "33": 0,
      "34": 0,
      "35": 2,
      "36": 0,
      "37": 0,
      "38": 0,
      "39": 2
    },
    "f": {
      "0": 6,
      "1": 0,
      "2": 0,
      "3": 0,
      "4": 0,
      "5": 0,
      "6": 0,
      "7": 0,
      "8": 0,
      "9": 0,
      "10": 0
    },
    "b": {
      "0": [
        0,
        0
      ],
      "1": [
        0,
        0
      ]
    },
    "inputSourceMap": {
      "version": 3,
      "sources": [
        "/home/bartosz/projects/speeddial/src/data/config/slice.ts"
      ],
      "mappings": "AACA,SAAS,mBAAmB;AAC5B,OAAO,WAAW;AAElB,SAAS,2BAA2B;AAK7B,aAAM,eAAe,OAAO;AAAA,EAC/B,WAAW;AAAA,EACX,WAAW;AACf;AAGA,MAAM,6BAA6B;AACnC,MAAM,iBAAiB;AAAA,EACnB;AAAA,EACA,MAAM,IAAI,QAAc,aAAW;AAC/B,UAAM,OAAO,IAAI,KAAK,CAAC,KAAK,UAAU,EAAE,GAAG,aAAa,CAAC,CAAC,GAAG,EAAE,MAAM,mBAAmB,CAAC;AAEzF,UAAM,QAAQ,SAAS,cAAc,GAAG;AACxC,UAAM,WAAW,oBAAoB,MAAM,EAAE,OAAO,iBAAiB;AACrE,UAAM,OAAO,OAAO,IAAI,gBAAgB,IAAI;AAE5C,UAAM,MAAM;AACZ,eAAW,MAAM;AACb,aAAO,IAAI,gBAAgB,MAAM,IAAI;AACrC,YAAM,OAAO;AACb,cAAQ;AAAA,IACZ,GAAG,0BAA0B;AAAA,EACjC,CAAC;AACL;AAEA,MAAM,iBAAiB;AAAA,EACnB;AAAA,EACA,CAAC,GAAG,aAAa,IAAI,QAAc,aAAW;AAC1C,UAAM,QAAQ,SAAS,cAAc,OAAO;AAC5C,UAAM,OAAO;AACb,UAAM,SAAS;AAEf,UAAM,iBAAiB,UAAU,YAAY;AACzC,YAAM,OAAO,MAAM,QAAQ,CAAC;AAE5B,UAAI,MAAM;AACN,iBAAS,MAAM,eAAe;AAE9B,cAAM,WAAW,MAAM,KAAK,KAAK;AACjC,cAAM,OAAO,KAAK,MAAM,QAAQ;AAEhC,mBAAW,OAAO,MAAM;AACpB,cAAI,OAAO,OAAO,MAAM,GAAG,GAAG;AAC1B,yBAAa,QAAQ,KAAK,KAAK,GAAG,CAAC;AAAA,UACvC;AAAA,QACJ;AAEA,eAAO,SAAS,OAAO;AAAA,MAC3B;AAEA,YAAM,OAAO;AACb,cAAQ;AAAA,IACZ,CAAC;AACD,UAAM,iBAAiB,UAAU,MAAM;AACnC,YAAM,OAAO;AACb,cAAQ;AAAA,IACZ,CAAC;AAED,UAAM,MAAM;AAAA,EAChB,CAAC;AACL;AAEA,MAAM,EAAE,SAAS,cAAc,MAAM,WAAW,QAAQ,IAAI,YAAY;AAAA,EACpE,MAAM;AAAA,EACN;AAAA,EACA,UAAU;AAAA,IACN,UAAU,OAAO;AACb,YAAM,YAAY;AAAA,IACtB;AAAA,IACA,WAAW,OAAO;AACd,YAAM,YAAY;AAAA,IACtB;AAAA,IAEA,aAAa,OAAO,EAAE,QAAQ,GAA8C;AACxE,YAAM,YAAY,QAAQ;AAAA,IAC9B;AAAA,EACJ;AACJ,CAAC;AAEM,aAAM,UAAU;AAAA,EACnB,GAAG;AAAA,EACH;AAAA,EACA;AACJ;AAEA,SAAS,WAAW;",
      "names": []
    },
    "_coverageSchema": "1a1c01bbd47fc00a2c39e90264f33305004495a9",
    "hash": "b2610396a61154eb160d38e55aff20b8d0ecb422"
  },
  "/home/bartosz/projects/speeddial/src/data/config/selectors.ts": {
    "path": "/home/bartosz/projects/speeddial/src/data/config/selectors.ts",
    "statementMap": {
      "0": {
        "start": {
          "line": 3,
          "column": 25
        },
        "end": {
          "line": 3,
          "column": 52
        }
      },
      "1": {
        "start": {
          "line": 3,
          "column": 36
        },
        "end": {
          "line": 3,
          "column": 52
        }
      },
      "2": {
        "start": {
          "line": 4,
          "column": 28
        },
        "end": {
          "line": 4,
          "column": 73
        }
      },
      "3": {
        "start": {
          "line": 4,
          "column": 61
        },
        "end": {
          "line": 4,
          "column": 72
        }
      },
      "4": {
        "start": {
          "line": 5,
          "column": 31
        },
        "end": {
          "line": 5,
          "column": 76
        }
      },
      "5": {
        "start": {
          "line": 5,
          "column": 64
        },
        "end": {
          "line": 5,
          "column": 75
        }
      }
    },
    "fnMap": {
      "0": {
        "name": "(anonymous_0)",
        "decl": {
          "start": {
            "line": 3,
            "column": 25
          },
          "end": {
            "line": 3,
            "column": 26
          }
        },
        "loc": {
          "start": {
            "line": 3,
            "column": 36
          },
          "end": {
            "line": 3,
            "column": 52
          }
        },
        "line": 3
      },
      "1": {
        "name": "(anonymous_1)",
        "decl": {
          "start": {
            "line": 4,
            "column": 54
          },
          "end": {
            "line": 4,
            "column": 55
          }
        },
        "loc": {
          "start": {
            "line": 4,
            "column": 61
          },
          "end": {
            "line": 4,
            "column": 72
          }
        },
        "line": 4
      },
      "2": {
        "name": "(anonymous_2)",
        "decl": {
          "start": {
            "line": 5,
            "column": 57
          },
          "end": {
            "line": 5,
            "column": 58
          }
        },
        "loc": {
          "start": {
            "line": 5,
            "column": 64
          },
          "end": {
            "line": 5,
            "column": 75
          }
        },
        "line": 5
      }
    },
    "branchMap": {},
    "s": {
      "0": 2,
      "1": 12,
      "2": 2,
      "3": 2,
      "4": 2,
      "5": 2
    },
    "f": {
      "0": 12,
      "1": 2,
      "2": 2
    },
    "b": {},
    "inputSourceMap": {
      "version": 3,
      "sources": [
        "/home/bartosz/projects/speeddial/src/data/config/selectors.ts"
      ],
      "mappings": "AAAA,SAAS,sBAAsB;AAI/B,SAAS,iBAAiB;AAGnB,aAAM,YAAY,CAAC,UAAqB,MAAM,SAAS;AAEvD,aAAM,eAAe,eAAe,WAAW,OAAK,EAAE,SAAS;AAE/D,aAAM,kBAAkB,eAAe,WAAW,OAAK,EAAE,SAAS;",
      "names": []
    },
    "_coverageSchema": "1a1c01bbd47fc00a2c39e90264f33305004495a9",
    "hash": "917d8f605dfbaff8e264ef45288758537901d36a"
  },
  "/home/bartosz/projects/speeddial/src/data/config/index.ts": {
    "path": "/home/bartosz/projects/speeddial/src/data/config/index.ts",
    "statementMap": {
      "0": {
        "start": {
          "line": 4,
          "column": 32
        },
        "end": {
          "line": 12,
          "column": 1
        }
      }
    },
    "fnMap": {},
    "branchMap": {},
    "s": {
      "0": 2
    },
    "f": {},
    "b": {},
    "inputSourceMap": {
      "version": 3,
      "sources": [
        "/home/bartosz/projects/speeddial/src/data/config/index.ts"
      ],
      "mappings": "AAAA,OAAO,oBAAoB;AAC3B,OAAO,uBAAuB;AAE9B,SAAS,SAAS,iBAAiB;AAG5B,aAAM,mBAAmB;AAAA,EAC5B;AAAA,IACI,SAAS;AAAA,IACT,KAAK;AAAA,IACL,SAAS;AAAA,IACT,WAAW,CAAC,WAAW;AAAA,EAC3B;AAAA,EACA;AACJ;AAEA,2BAA2B;AAC3B,cAAc;",
      "names": []
    },
    "_coverageSchema": "1a1c01bbd47fc00a2c39e90264f33305004495a9",
    "hash": "572aabbab5fbe283fd6152dce9c4e4aa3dad3158"
  },
  "/home/bartosz/projects/speeddial/src/data/speeddial/slice.ts": {
    "path": "/home/bartosz/projects/speeddial/src/data/speeddial/slice.ts",
    "statementMap": {
      "0": {
        "start": {
          "line": 3,
          "column": 28
        },
        "end": {
          "line": 3,
          "column": 49
        }
      },
      "1": {
        "start": {
          "line": 4,
          "column": 29
        },
        "end": {
          "line": 4,
          "column": 50
        }
      },
      "2": {
        "start": {
          "line": 5,
          "column": 33
        },
        "end": {
          "line": 5,
          "column": 43
        }
      },
      "3": {
        "start": {
          "line": 7,
          "column": 2
        },
        "end": {
          "line": 7,
          "column": 76
        }
      },
      "4": {
        "start": {
          "line": 10,
          "column": 2
        },
        "end": {
          "line": 10,
          "column": 102
        }
      },
      "5": {
        "start": {
          "line": 12,
          "column": 28
        },
        "end": {
          "line": 16,
          "column": 2
        }
      },
      "6": {
        "start": {
          "line": 12,
          "column": 35
        },
        "end": {
          "line": 16,
          "column": 1
        }
      },
      "7": {
        "start": {
          "line": 18,
          "column": 2
        },
        "end": {
          "line": 18,
          "column": 49
        }
      },
      "8": {
        "start": {
          "line": 21,
          "column": 16
        },
        "end": {
          "line": 21,
          "column": 34
        }
      },
      "9": {
        "start": {
          "line": 22,
          "column": 2
        },
        "end": {
          "line": 22,
          "column": 67
        }
      },
      "10": {
        "start": {
          "line": 25,
          "column": 17
        },
        "end": {
          "line": 25,
          "column": 35
        }
      },
      "11": {
        "start": {
          "line": 26,
          "column": 2
        },
        "end": {
          "line": 29,
          "column": 3
        }
      },
      "12": {
        "start": {
          "line": 27,
          "column": 18
        },
        "end": {
          "line": 27,
          "column": 48
        }
      },
      "13": {
        "start": {
          "line": 28,
          "column": 4
        },
        "end": {
          "line": 28,
          "column": 37
        }
      },
      "14": {
        "start": {
          "line": 31,
          "column": 53
        },
        "end": {
          "line": 98,
          "column": 2
        }
      },
      "15": {
        "start": {
          "line": 36,
          "column": 20
        },
        "end": {
          "line": 36,
          "column": 42
        }
      },
      "16": {
        "start": {
          "line": 37,
          "column": 6
        },
        "end": {
          "line": 37,
          "column": 48
        }
      },
      "17": {
        "start": {
          "line": 38,
          "column": 6
        },
        "end": {
          "line": 38,
          "column": 61
        }
      },
      "18": {
        "start": {
          "line": 41,
          "column": 19
        },
        "end": {
          "line": 41,
          "column": 40
        }
      },
      "19": {
        "start": {
          "line": 42,
          "column": 6
        },
        "end": {
          "line": 42,
          "column": 45
        }
      },
      "20": {
        "start": {
          "line": 43,
          "column": 6
        },
        "end": {
          "line": 48,
          "column": 8
        }
      },
      "21": {
        "start": {
          "line": 51,
          "column": 6
        },
        "end": {
          "line": 51,
          "column": 79
        }
      },
      "22": {
        "start": {
          "line": 54,
          "column": 21
        },
        "end": {
          "line": 54,
          "column": 58
        }
      },
      "23": {
        "start": {
          "line": 55,
          "column": 6
        },
        "end": {
          "line": 58,
          "column": 7
        }
      },
      "24": {
        "start": {
          "line": 56,
          "column": 8
        },
        "end": {
          "line": 56,
          "column": 66
        }
      },
      "25": {
        "start": {
          "line": 57,
          "column": 8
        },
        "end": {
          "line": 57,
          "column": 45
        }
      },
      "26": {
        "start": {
          "line": 61,
          "column": 6
        },
        "end": {
          "line": 61,
          "column": 59
        }
      },
      "27": {
        "start": {
          "line": 64,
          "column": 6
        },
        "end": {
          "line": 66,
          "column": 7
        }
      },
      "28": {
        "start": {
          "line": 65,
          "column": 8
        },
        "end": {
          "line": 65,
          "column": 65
        }
      },
      "29": {
        "start": {
          "line": 67,
          "column": 6
        },
        "end": {
          "line": 67,
          "column": 30
        }
      },
      "30": {
        "start": {
          "line": 70,
          "column": 6
        },
        "end": {
          "line": 70,
          "column": 30
        }
      },
      "31": {
        "start": {
          "line": 71,
          "column": 6
        },
        "end": {
          "line": 71,
          "column": 61
        }
      },
      "32": {
        "start": {
          "line": 74,
          "column": 6
        },
        "end": {
          "line": 74,
          "column": 51
        }
      },
      "33": {
        "start": {
          "line": 75,
          "column": 6
        },
        "end": {
          "line": 77,
          "column": 7
        }
      },
      "34": {
        "start": {
          "line": 76,
          "column": 8
        },
        "end": {
          "line": 76,
          "column": 73
        }
      },
      "35": {
        "start": {
          "line": 78,
          "column": 6
        },
        "end": {
          "line": 78,
          "column": 30
        }
      },
      "36": {
        "start": {
          "line": 82,
          "column": 8
        },
        "end": {
          "line": 82,
          "column": 63
        }
      },
      "37": {
        "start": {
          "line": 85,
          "column": 8
        },
        "end": {
          "line": 85,
          "column": 55
        }
      },
      "38": {
        "start": {
          "line": 89,
          "column": 6
        },
        "end": {
          "line": 89,
          "column": 62
        }
      },
      "39": {
        "start": {
          "line": 90,
          "column": 6
        },
        "end": {
          "line": 90,
          "column": 54
        }
      },
      "40": {
        "start": {
          "line": 93,
          "column": 6
        },
        "end": {
          "line": 93,
          "column": 63
        }
      },
      "41": {
        "start": {
          "line": 94,
          "column": 6
        },
        "end": {
          "line": 94,
          "column": 94
        }
      },
      "42": {
        "start": {
          "line": 95,
          "column": 6
        },
        "end": {
          "line": 95,
          "column": 56
        }
      }
    },
    "fnMap": {
      "0": {
        "name": "createSpeeddialLink",
        "decl": {
          "start": {
            "line": 6,
            "column": 9
          },
          "end": {
            "line": 6,
            "column": 28
          }
        },
        "loc": {
          "start": {
            "line": 6,
            "column": 44
          },
          "end": {
            "line": 8,
            "column": 1
          }
        },
        "line": 6
      },
      "1": {
        "name": "createSpeeddialGroup",
        "decl": {
          "start": {
            "line": 9,
            "column": 9
          },
          "end": {
            "line": 9,
            "column": 29
          }
        },
        "loc": {
          "start": {
            "line": 9,
            "column": 45
          },
          "end": {
            "line": 11,
            "column": 1
          }
        },
        "line": 9
      },
      "2": {
        "name": "(anonymous_2)",
        "decl": {
          "start": {
            "line": 12,
            "column": 28
          },
          "end": {
            "line": 12,
            "column": 29
          }
        },
        "loc": {
          "start": {
            "line": 12,
            "column": 35
          },
          "end": {
            "line": 16,
            "column": 1
          }
        },
        "line": 12
      },
      "3": {
        "name": "addChildren",
        "decl": {
          "start": {
            "line": 17,
            "column": 9
          },
          "end": {
            "line": 17,
            "column": 20
          }
        },
        "loc": {
          "start": {
            "line": 17,
            "column": 45
          },
          "end": {
            "line": 19,
            "column": 1
          }
        },
        "line": 17
      },
      "4": {
        "name": "reorderChildren",
        "decl": {
          "start": {
            "line": 20,
            "column": 9
          },
          "end": {
            "line": 20,
            "column": 24
          }
        },
        "loc": {
          "start": {
            "line": 20,
            "column": 46
          },
          "end": {
            "line": 23,
            "column": 1
          }
        },
        "line": 20
      },
      "5": {
        "name": "removeChild",
        "decl": {
          "start": {
            "line": 24,
            "column": 9
          },
          "end": {
            "line": 24,
            "column": 20
          }
        },
        "loc": {
          "start": {
            "line": 24,
            "column": 39
          },
          "end": {
            "line": 30,
            "column": 1
          }
        },
        "line": 24
      },
      "6": {
        "name": "(anonymous_6)",
        "decl": {
          "start": {
            "line": 35,
            "column": 4
          },
          "end": {
            "line": 35,
            "column": 5
          }
        },
        "loc": {
          "start": {
            "line": 35,
            "column": 23
          },
          "end": {
            "line": 39,
            "column": 5
          }
        },
        "line": 35
      },
      "7": {
        "name": "(anonymous_7)",
        "decl": {
          "start": {
            "line": 40,
            "column": 4
          },
          "end": {
            "line": 40,
            "column": 5
          }
        },
        "loc": {
          "start": {
            "line": 40,
            "column": 35
          },
          "end": {
            "line": 49,
            "column": 5
          }
        },
        "line": 40
      },
      "8": {
        "name": "(anonymous_8)",
        "decl": {
          "start": {
            "line": 50,
            "column": 4
          },
          "end": {
            "line": 50,
            "column": 5
          }
        },
        "loc": {
          "start": {
            "line": 50,
            "column": 37
          },
          "end": {
            "line": 52,
            "column": 5
          }
        },
        "line": 50
      },
      "9": {
        "name": "(anonymous_9)",
        "decl": {
          "start": {
            "line": 53,
            "column": 4
          },
          "end": {
            "line": 53,
            "column": 5
          }
        },
        "loc": {
          "start": {
            "line": 53,
            "column": 40
          },
          "end": {
            "line": 59,
            "column": 5
          }
        },
        "line": 53
      },
      "10": {
        "name": "(anonymous_10)",
        "decl": {
          "start": {
            "line": 60,
            "column": 4
          },
          "end": {
            "line": 60,
            "column": 5
          }
        },
        "loc": {
          "start": {
            "line": 60,
            "column": 33
          },
          "end": {
            "line": 62,
            "column": 5
          }
        },
        "line": 60
      },
      "11": {
        "name": "(anonymous_11)",
        "decl": {
          "start": {
            "line": 63,
            "column": 4
          },
          "end": {
            "line": 63,
            "column": 5
          }
        },
        "loc": {
          "start": {
            "line": 63,
            "column": 26
          },
          "end": {
            "line": 68,
            "column": 5
          }
        },
        "line": 63
      },
      "12": {
        "name": "(anonymous_12)",
        "decl": {
          "start": {
            "line": 69,
            "column": 4
          },
          "end": {
            "line": 69,
            "column": 5
          }
        },
        "loc": {
          "start": {
            "line": 69,
            "column": 58
          },
          "end": {
            "line": 72,
            "column": 5
          }
        },
        "line": 69
      },
      "13": {
        "name": "(anonymous_13)",
        "decl": {
          "start": {
            "line": 73,
            "column": 4
          },
          "end": {
            "line": 73,
            "column": 5
          }
        },
        "loc": {
          "start": {
            "line": 73,
            "column": 37
          },
          "end": {
            "line": 79,
            "column": 5
          }
        },
        "line": 73
      },
      "14": {
        "name": "(anonymous_14)",
        "decl": {
          "start": {
            "line": 81,
            "column": 6
          },
          "end": {
            "line": 81,
            "column": 7
          }
        },
        "loc": {
          "start": {
            "line": 81,
            "column": 29
          },
          "end": {
            "line": 83,
            "column": 7
          }
        },
        "line": 81
      },
      "15": {
        "name": "(anonymous_15)",
        "decl": {
          "start": {
            "line": 84,
            "column": 6
          },
          "end": {
            "line": 84,
            "column": 7
          }
        },
        "loc": {
          "start": {
            "line": 84,
            "column": 34
          },
          "end": {
            "line": 86,
            "column": 7
          }
        },
        "line": 84
      },
      "16": {
        "name": "(anonymous_16)",
        "decl": {
          "start": {
            "line": 88,
            "column": 4
          },
          "end": {
            "line": 88,
            "column": 5
          }
        },
        "loc": {
          "start": {
            "line": 88,
            "column": 35
          },
          "end": {
            "line": 91,
            "column": 5
          }
        },
        "line": 88
      },
      "17": {
        "name": "(anonymous_17)",
        "decl": {
          "start": {
            "line": 92,
            "column": 4
          },
          "end": {
            "line": 92,
            "column": 5
          }
        },
        "loc": {
          "start": {
            "line": 92,
            "column": 36
          },
          "end": {
            "line": 96,
            "column": 5
          }
        },
        "line": 92
      }
    },
    "branchMap": {
      "0": {
        "loc": {
          "start": {
            "line": 6,
            "column": 29
          },
          "end": {
            "line": 6,
            "column": 42
          }
        },
        "type": "default-arg",
        "locations": [
          {
            "start": {
              "line": 6,
              "column": 34
            },
            "end": {
              "line": 6,
              "column": 42
            }
          }
        ],
        "line": 6
      },
      "1": {
        "loc": {
          "start": {
            "line": 9,
            "column": 30
          },
          "end": {
            "line": 9,
            "column": 43
          }
        },
        "type": "default-arg",
        "locations": [
          {
            "start": {
              "line": 9,
              "column": 35
            },
            "end": {
              "line": 9,
              "column": 43
            }
          }
        ],
        "line": 9
      },
      "2": {
        "loc": {
          "start": {
            "line": 26,
            "column": 2
          },
          "end": {
            "line": 29,
            "column": 3
          }
        },
        "type": "if",
        "locations": [
          {
            "start": {
              "line": 26,
              "column": 2
            },
            "end": {
              "line": 29,
              "column": 3
            }
          },
          {
            "start": {},
            "end": {}
          }
        ],
        "line": 26
      },
      "3": {
        "loc": {
          "start": {
            "line": 55,
            "column": 6
          },
          "end": {
            "line": 58,
            "column": 7
          }
        },
        "type": "if",
        "locations": [
          {
            "start": {
              "line": 55,
              "column": 6
            },
            "end": {
              "line": 58,
              "column": 7
            }
          },
          {
            "start": {},
            "end": {}
          }
        ],
        "line": 55
      },
      "4": {
        "loc": {
          "start": {
            "line": 64,
            "column": 6
          },
          "end": {
            "line": 66,
            "column": 7
          }
        },
        "type": "if",
        "locations": [
          {
            "start": {
              "line": 64,
              "column": 6
            },
            "end": {
              "line": 66,
              "column": 7
            }
          },
          {
            "start": {},
            "end": {}
          }
        ],
        "line": 64
      },
      "5": {
        "loc": {
          "start": {
            "line": 64,
            "column": 10
          },
          "end": {
            "line": 64,
            "column": 74
          }
        },
        "type": "binary-expr",
        "locations": [
          {
            "start": {
              "line": 64,
              "column": 10
            },
            "end": {
              "line": 64,
              "column": 43
            }
          },
          {
            "start": {
              "line": 64,
              "column": 47
            },
            "end": {
              "line": 64,
              "column": 74
            }
          }
        ],
        "line": 64
      },
      "6": {
        "loc": {
          "start": {
            "line": 75,
            "column": 6
          },
          "end": {
            "line": 77,
            "column": 7
          }
        },
        "type": "if",
        "locations": [
          {
            "start": {
              "line": 75,
              "column": 6
            },
            "end": {
              "line": 77,
              "column": 7
            }
          },
          {
            "start": {},
            "end": {}
          }
        ],
        "line": 75
      },
      "7": {
        "loc": {
          "start": {
            "line": 75,
            "column": 10
          },
          "end": {
            "line": 75,
            "column": 74
          }
        },
        "type": "binary-expr",
        "locations": [
          {
            "start": {
              "line": 75,
              "column": 10
            },
            "end": {
              "line": 75,
              "column": 43
            }
          },
          {
            "start": {
              "line": 75,
              "column": 47
            },
            "end": {
              "line": 75,
              "column": 74
            }
          }
        ],
        "line": 75
      },
      "8": {
        "loc": {
          "start": {
            "line": 94,
            "column": 43
          },
          "end": {
            "line": 94,
            "column": 92
          }
        },
        "type": "binary-expr",
        "locations": [
          {
            "start": {
              "line": 94,
              "column": 43
            },
            "end": {
              "line": 94,
              "column": 86
            }
          },
          {
            "start": {
              "line": 94,
              "column": 90
            },
            "end": {
              "line": 94,
              "column": 92
            }
          }
        ],
        "line": 94
      }
    },
    "s": {
      "0": 2,
      "1": 2,
      "2": 2,
      "3": 2,
      "4": 0,
      "5": 2,
      "6": 6,
      "7": 2,
      "8": 0,
      "9": 0,
      "10": 0,
      "11": 0,
      "12": 0,
      "13": 0,
      "14": 2,
      "15": 0,
      "16": 0,
      "17": 0,
      "18": 2,
      "19": 2,
      "20": 2,
      "21": 0,
      "22": 0,
      "23": 0,
      "24": 0,
      "25": 0,
      "26": 0,
      "27": 0,
      "28": 0,
      "29": 0,
      "30": 0,
      "31": 0,
      "32": 2,
      "33": 2,
      "34": 2,
      "35": 2,
      "36": 0,
      "37": 0,
      "38": 0,
      "39": 0,
      "40": 0,
      "41": 0,
      "42": 0
    },
    "f": {
      "0": 2,
      "1": 0,
      "2": 6,
      "3": 2,
      "4": 0,
      "5": 0,
      "6": 0,
      "7": 2,
      "8": 0,
      "9": 0,
      "10": 0,
      "11": 0,
      "12": 0,
      "13": 2,
      "14": 0,
      "15": 0,
      "16": 0,
      "17": 0
    },
    "b": {
      "0": [
        2
      ],
      "1": [
        0
      ],
      "2": [
        0,
        0
      ],
      "3": [
        0,
        0
      ],
      "4": [
        0,
        0
      ],
      "5": [
        0,
        0
      ],
      "6": [
        2,
        0
      ],
      "7": [
        2,
        2
      ],
      "8": [
        0,
        0
      ]
    },
    "inputSourceMap": {
      "version": 3,
      "sources": [
        "/home/bartosz/projects/speeddial/src/data/speeddial/slice.ts"
      ],
      "mappings": "AACA,SAAS,qBAAqB,aAAa,cAAc;AACzD,SAAS,SAAS;AAGX,aAAM,eAAe,oBAAmC;AACxD,aAAM,gBAAgB,oBAAoC;AAE1D,aAAM,oBAAoB;AAEjC,SAAS,oBAAoB,KAAK,OAAO,GAAkB;AACvD,SAAO,EAAE,IAAI,QAAQ,MAAM,MAAM,QAAQ,MAAM,IAAI,KAAK,IAAI,SAAS,GAAG;AAC5E;AACA,SAAS,qBAAqB,KAAK,OAAO,GAAmB;AACzD,SAAO,EAAE,IAAI,SAAS,MAAM,MAAM,SAAS,MAAM,EAAE,+BAA+B,GAAG,UAAU,CAAC,EAAE;AACtG;AAcO,aAAM,eAAe,OAAO;AAAA,EAC/B,OAAO,aAAa,gBAAgB;AAAA,EACpC,QAAQ,cAAc,OAAO,cAAc,gBAAgB,GAAG,EAAE,IAAI,mBAAmB,MAAM,SAAS,MAAM,mBAAmB,UAAU,CAAC,EAAE,CAAC;AAAA,EAC7I,YAAY;AAChB;AAEA,SAAS,YAA8C,OAAuB,OAAe,UAAoB;AAE7G,QAAM,SAAS,EAAE,GAAG,SAAS,KAAK,GAAG,QAAQ;AACjD;AAEA,SAAS,gBAAkD,OAAuB,IAAY,MAAc,IAAY;AAEpH,QAAM,QAAQ,MAAM,SAAS,EAAE;AAC/B,SAAO,SAAS,OAAO,IAAI,GAAG,GAAG,MAAM,SAAS,OAAO,MAAM,CAAC,CAAC;AACnE;AAEA,SAAS,YAA8C,OAAuB,IAAY,OAAe;AAErG,QAAM,SAAS,MAAM,SAAS,EAAE;AAChC,MAAI,QAAQ,SAAS,SAAS,KAAK,GAAG;AAClC,UAAM,QAAQ,OAAO,SAAS,QAAQ,KAAK;AAC3C,WAAO,SAAS,OAAO,OAAO,CAAC;AAAA,EACnC;AACJ;AAEO,aAAM,EAAE,SAAS,MAAM,WAAW,QAAQ,IAAI,YAAY;AAAA,EAC7D,MAAM;AAAA,EACN;AAAA,EACA,UAAU;AAAA,IACN,YAAY,OAAO;AACf,YAAM,QAAQ,qBAAqB;AACnC,oBAAc,OAAO,MAAM,QAAQ,KAAK;AACxC,kBAAY,MAAM,QAAQ,mBAAmB,MAAM,EAAE;AAAA,IACzD;AAAA,IACA,WAAW,OAAO,EAAE,QAAQ,GAAwC;AAChE,YAAM,OAAO,oBAAoB;AACjC,mBAAa,OAAO,MAAM,OAAO,IAAI;AACrC,YAAM,aAAa;AAAA,QACf,MAAM;AAAA,QACN,IAAI,KAAK;AAAA,QACT,YAAY;AAAA,QACZ,UAAU,QAAQ;AAAA,MACtB;AAAA,IACJ;AAAA,IACA,aAAa,OAAO,EAAE,QAAQ,GAAiE;AAC3F,sBAAgB,MAAM,QAAQ,QAAQ,SAAS,QAAQ,MAAM,QAAQ,EAAE;AAAA,IAC3E;AAAA,IACA,gBAAgB,OAAO,EAAE,QAAQ,GAAsE;AACnG,YAAM,SAAS,MAAM,OAAO,SAAS,QAAQ,MAAM;AACnD,UAAI,QAAQ;AACR,oBAAY,MAAM,QAAQ,QAAQ,QAAQ,QAAQ,MAAM;AACxD,eAAO,SAAS,KAAK,QAAQ,MAAM;AAAA,MACvC;AAAA,IACJ;AAAA,IAEA,SAAS,OAAO,EAAE,QAAQ,GAAsD;AAC5E,YAAM,aAAa,EAAE,GAAG,SAAS,YAAY,MAAM;AAAA,IACvD;AAAA,IACA,eAAe,OAAO;AAClB,UAAI,MAAM,YAAY,SAAS,UAAU,MAAM,WAAW,YAAY;AAClE,qBAAa,UAAU,MAAM,OAAO,MAAM,WAAW,EAAE;AAAA,MAC3D;AACA,YAAM,aAAa;AAAA,IACvB;AAAA,IACA,cAAc,OAAO,EAAE,SAAS,EAAE,IAAI,GAAG,QAAQ,EAAE,GAAkC;AACjF,YAAM,aAAa;AACnB,oBAAc,UAAU,MAAM,QAAQ,EAAE,IAAI,QAAQ,CAAC;AAAA,IACzD;AAAA,IACA,aAAa,OAAO,EAAE,QAAQ,GAAiC;AAC3D,mBAAa,UAAU,MAAM,OAAO,OAAO;AAC3C,UAAI,MAAM,YAAY,SAAS,UAAU,MAAM,WAAW,YAAY;AAClE,oBAAY,MAAM,QAAQ,MAAM,WAAW,UAAU,QAAQ,EAAE;AAAA,MACnE;AACA,YAAM,aAAa;AAAA,IACvB;AAAA,IAEA,aAAa;AAAA,MACT,QAAQ,SAAiB,MAAc;AACnC,eAAO,EAAE,SAAS,EAAE,IAAI,SAAS,SAAS,EAAE,KAAK,EAAE,EAAE;AAAA,MACzD;AAAA,MACA,QAAQ,OAAO,EAAE,QAAQ,GAA0C;AAC/D,sBAAc,UAAU,MAAM,QAAQ,OAAO;AAAA,MACjD;AAAA,IACJ;AAAA,IAEA,WAAW,OAAO,EAAE,QAAQ,GAAoD;AAC5E,kBAAY,MAAM,QAAQ,QAAQ,UAAU,QAAQ,EAAE;AACtD,mBAAa,UAAU,MAAM,OAAO,QAAQ,EAAE;AAAA,IAClD;AAAA,IACA,YAAY,OAAO,EAAE,QAAQ,GAAkC;AAC3D,kBAAY,MAAM,QAAQ,mBAAmB,QAAQ,EAAE;AACvD,mBAAa,WAAW,MAAM,OAAO,MAAM,OAAO,SAAS,QAAQ,EAAE,GAAG,YAAY,CAAC,CAAC;AACtF,oBAAc,UAAU,MAAM,QAAQ,QAAQ,EAAE;AAAA,IACpD;AAAA,EACJ;AACJ,CAAC;",
      "names": []
    },
    "_coverageSchema": "1a1c01bbd47fc00a2c39e90264f33305004495a9",
    "hash": "ea5c57be9fa580e314ceab3d2f4423c6c09dc888"
  },
  "/home/bartosz/projects/speeddial/src/data/speeddial/selectors.ts": {
    "path": "/home/bartosz/projects/speeddial/src/data/speeddial/selectors.ts",
    "statementMap": {
      "0": {
        "start": {
          "line": 3,
          "column": 28
        },
        "end": {
          "line": 3,
          "column": 55
        }
      },
      "1": {
        "start": {
          "line": 3,
          "column": 39
        },
        "end": {
          "line": 3,
          "column": 55
        }
      },
      "2": {
        "start": {
          "line": 4,
          "column": 34
        },
        "end": {
          "line": 4,
          "column": 79
        }
      },
      "3": {
        "start": {
          "line": 4,
          "column": 70
        },
        "end": {
          "line": 4,
          "column": 78
        }
      },
      "4": {
        "start": {
          "line": 5,
          "column": 33
        },
        "end": {
          "line": 5,
          "column": 77
        }
      },
      "5": {
        "start": {
          "line": 5,
          "column": 69
        },
        "end": {
          "line": 5,
          "column": 76
        }
      },
      "6": {
        "start": {
          "line": 6,
          "column": 34
        },
        "end": {
          "line": 6,
          "column": 83
        }
      },
      "7": {
        "start": {
          "line": 6,
          "column": 70
        },
        "end": {
          "line": 6,
          "column": 82
        }
      },
      "8": {
        "start": {
          "line": 7,
          "column": 31
        },
        "end": {
          "line": 10,
          "column": 1
        }
      },
      "9": {
        "start": {
          "line": 9,
          "column": 13
        },
        "end": {
          "line": 9,
          "column": 50
        }
      },
      "10": {
        "start": {
          "line": 11,
          "column": 32
        },
        "end": {
          "line": 14,
          "column": 1
        }
      },
      "11": {
        "start": {
          "line": 13,
          "column": 13
        },
        "end": {
          "line": 13,
          "column": 51
        }
      },
      "12": {
        "start": {
          "line": 15,
          "column": 37
        },
        "end": {
          "line": 15,
          "column": 83
        }
      },
      "13": {
        "start": {
          "line": 16,
          "column": 37
        },
        "end": {
          "line": 16,
          "column": 81
        }
      },
      "14": {
        "start": {
          "line": 17,
          "column": 32
        },
        "end": {
          "line": 17,
          "column": 138
        }
      },
      "15": {
        "start": {
          "line": 17,
          "column": 73
        },
        "end": {
          "line": 17,
          "column": 138
        }
      },
      "16": {
        "start": {
          "line": 18,
          "column": 29
        },
        "end": {
          "line": 23,
          "column": 1
        }
      },
      "17": {
        "start": {
          "line": 22,
          "column": 26
        },
        "end": {
          "line": 22,
          "column": 72
        }
      },
      "18": {
        "start": {
          "line": 22,
          "column": 42
        },
        "end": {
          "line": 22,
          "column": 71
        }
      }
    },
    "fnMap": {
      "0": {
        "name": "(anonymous_0)",
        "decl": {
          "start": {
            "line": 3,
            "column": 28
          },
          "end": {
            "line": 3,
            "column": 29
          }
        },
        "loc": {
          "start": {
            "line": 3,
            "column": 39
          },
          "end": {
            "line": 3,
            "column": 55
          }
        },
        "line": 3
      },
      "1": {
        "name": "(anonymous_1)",
        "decl": {
          "start": {
            "line": 4,
            "column": 63
          },
          "end": {
            "line": 4,
            "column": 64
          }
        },
        "loc": {
          "start": {
            "line": 4,
            "column": 70
          },
          "end": {
            "line": 4,
            "column": 78
          }
        },
        "line": 4
      },
      "2": {
        "name": "(anonymous_2)",
        "decl": {
          "start": {
            "line": 5,
            "column": 62
          },
          "end": {
            "line": 5,
            "column": 63
          }
        },
        "loc": {
          "start": {
            "line": 5,
            "column": 69
          },
          "end": {
            "line": 5,
            "column": 76
          }
        },
        "line": 5
      },
      "3": {
        "name": "(anonymous_3)",
        "decl": {
          "start": {
            "line": 6,
            "column": 63
          },
          "end": {
            "line": 6,
            "column": 64
          }
        },
        "loc": {
          "start": {
            "line": 6,
            "column": 70
          },
          "end": {
            "line": 6,
            "column": 82
          }
        },
        "line": 6
      },
      "4": {
        "name": "(anonymous_4)",
        "decl": {
          "start": {
            "line": 9,
            "column": 2
          },
          "end": {
            "line": 9,
            "column": 3
          }
        },
        "loc": {
          "start": {
            "line": 9,
            "column": 13
          },
          "end": {
            "line": 9,
            "column": 50
          }
        },
        "line": 9
      },
      "5": {
        "name": "(anonymous_5)",
        "decl": {
          "start": {
            "line": 13,
            "column": 2
          },
          "end": {
            "line": 13,
            "column": 3
          }
        },
        "loc": {
          "start": {
            "line": 13,
            "column": 13
          },
          "end": {
            "line": 13,
            "column": 51
          }
        },
        "line": 13
      },
      "6": {
        "name": "(anonymous_6)",
        "decl": {
          "start": {
            "line": 17,
            "column": 32
          },
          "end": {
            "line": 17,
            "column": 33
          }
        },
        "loc": {
          "start": {
            "line": 17,
            "column": 73
          },
          "end": {
            "line": 17,
            "column": 138
          }
        },
        "line": 17
      },
      "7": {
        "name": "(anonymous_7)",
        "decl": {
          "start": {
            "line": 22,
            "column": 2
          },
          "end": {
            "line": 22,
            "column": 3
          }
        },
        "loc": {
          "start": {
            "line": 22,
            "column": 26
          },
          "end": {
            "line": 22,
            "column": 72
          }
        },
        "line": 22
      },
      "8": {
        "name": "(anonymous_8)",
        "decl": {
          "start": {
            "line": 22,
            "column": 34
          },
          "end": {
            "line": 22,
            "column": 35
          }
        },
        "loc": {
          "start": {
            "line": 22,
            "column": 42
          },
          "end": {
            "line": 22,
            "column": 71
          }
        },
        "line": 22
      }
    },
    "branchMap": {
      "0": {
        "loc": {
          "start": {
            "line": 9,
            "column": 13
          },
          "end": {
            "line": 9,
            "column": 50
          }
        },
        "type": "cond-expr",
        "locations": [
          {
            "start": {
              "line": 9,
              "column": 38
            },
            "end": {
              "line": 9,
              "column": 43
            }
          },
          {
            "start": {
              "line": 9,
              "column": 46
            },
            "end": {
              "line": 9,
              "column": 50
            }
          }
        ],
        "line": 9
      },
      "1": {
        "loc": {
          "start": {
            "line": 13,
            "column": 13
          },
          "end": {
            "line": 13,
            "column": 51
          }
        },
        "type": "cond-expr",
        "locations": [
          {
            "start": {
              "line": 13,
              "column": 39
            },
            "end": {
              "line": 13,
              "column": 44
            }
          },
          {
            "start": {
              "line": 13,
              "column": 47
            },
            "end": {
              "line": 13,
              "column": 51
            }
          }
        ],
        "line": 13
      },
      "2": {
        "loc": {
          "start": {
            "line": 17,
            "column": 40
          },
          "end": {
            "line": 17,
            "column": 68
          }
        },
        "type": "default-arg",
        "locations": [
          {
            "start": {
              "line": 17,
              "column": 51
            },
            "end": {
              "line": 17,
              "column": 68
            }
          }
        ],
        "line": 17
      },
      "3": {
        "loc": {
          "start": {
            "line": 17,
            "column": 73
          },
          "end": {
            "line": 17,
            "column": 138
          }
        },
        "type": "binary-expr",
        "locations": [
          {
            "start": {
              "line": 17,
              "column": 73
            },
            "end": {
              "line": 17,
              "column": 132
            }
          },
          {
            "start": {
              "line": 17,
              "column": 136
            },
            "end": {
              "line": 17,
              "column": 138
            }
          }
        ],
        "line": 17
      },
      "4": {
        "loc": {
          "start": {
            "line": 22,
            "column": 42
          },
          "end": {
            "line": 22,
            "column": 71
          }
        },
        "type": "binary-expr",
        "locations": [
          {
            "start": {
              "line": 22,
              "column": 42
            },
            "end": {
              "line": 22,
              "column": 52
            }
          },
          {
            "start": {
              "line": 22,
              "column": 56
            },
            "end": {
              "line": 22,
              "column": 65
            }
          },
          {
            "start": {
              "line": 22,
              "column": 69
            },
            "end": {
              "line": 22,
              "column": 71
            }
          }
        ],
        "line": 22
      }
    },
    "s": {
      "0": 2,
      "1": 36,
      "2": 2,
      "3": 6,
      "4": 2,
      "5": 6,
      "6": 2,
      "7": 6,
      "8": 2,
      "9": 6,
      "10": 2,
      "11": 6,
      "12": 2,
      "13": 2,
      "14": 2,
      "15": 6,
      "16": 2,
      "17": 6,
      "18": 2
    },
    "f": {
      "0": 36,
      "1": 6,
      "2": 6,
      "3": 6,
      "4": 6,
      "5": 6,
      "6": 6,
      "7": 6,
      "8": 2
    },
    "b": {
      "0": [
        2,
        4
      ],
      "1": [
        0,
        6
      ],
      "2": [
        0
      ],
      "3": [
        6,
        0
      ],
      "4": [
        2,
        2,
        0
      ]
    },
    "inputSourceMap": {
      "version": 3,
      "sources": [
        "/home/bartosz/projects/speeddial/src/data/speeddial/selectors.ts"
      ],
      "mappings": "AAAA,SAAS,sBAAsB;AAK/B,SAAS,eAAe,cAAc,mBAAmB,iBAAiB;AAGnE,aAAM,eAAe,CAAC,UAA6C,MAAM,SAAS;AAElF,aAAM,qBAAqB,eAAe,cAAc,OAAK,EAAE,MAAM;AACrE,aAAM,oBAAoB,eAAe,cAAc,OAAK,EAAE,KAAK;AAEnE,aAAM,qBAAqB,eAAe,cAAc,OAAK,EAAE,UAAU;AACzE,aAAM,kBAAkB;AAAA,EAC3B;AAAA,EACA,WAAU,OAAO,SAAS,SAAS,QAAQ;AAC/C;AACO,aAAM,mBAAmB;AAAA,EAC5B;AAAA,EACA,WAAU,OAAO,SAAS,UAAU,QAAQ;AAChD;AAEO,aAAM,wBAAwB,cAAc,aAAa,kBAAkB;AAC3E,aAAM,wBAAwB,aAAa,aAAa,iBAAiB;AAEzE,aAAM,mBAAmB,CAAC,OAAkB,WAAW,sBAAsB,sBAAsB,WAAW,OAAO,QAAQ,GAAG,YAAY,CAAC;AAC7I,aAAM,gBAAgB;AAAA,EACzB;AAAA,EACA,sBAAsB;AAAA,EACtB,sBAAsB;AAAA,EACtB,CAAC,KAAK,QAAQ,UAAU,IAAI,IAAI,QAAO,OAAO,EAAE,KAAK,MAAM,EAAE,KAAK,CAAC,CAAoC;AAC3G;",
      "names": []
    },
    "_coverageSchema": "1a1c01bbd47fc00a2c39e90264f33305004495a9",
    "hash": "95abb3a0b12ced4a2a3bd9c24ab70579522e226d"
  },
  "/home/bartosz/projects/speeddial/src/data/speeddial/index.ts": {
    "path": "/home/bartosz/projects/speeddial/src/data/speeddial/index.ts",
    "statementMap": {
      "0": {
        "start": {
          "line": 4,
          "column": 32
        },
        "end": {
          "line": 12,
          "column": 1
        }
      }
    },
    "fnMap": {},
    "branchMap": {},
    "s": {
      "0": 2
    },
    "f": {},
    "b": {},
    "inputSourceMap": {
      "version": 3,
      "sources": [
        "/home/bartosz/projects/speeddial/src/data/speeddial/index.ts"
      ],
      "mappings": "AAAA,OAAO,oBAAoB;AAC3B,OAAO,uBAAuB;AAE9B,SAAS,SAAS,iBAAiB;AAG5B,aAAM,mBAAmB;AAAA,EAC5B;AAAA,IACI,SAAS;AAAA,IACT,KAAK;AAAA,IACL,SAAS;AAAA,IACT,WAAW,CAAC,YAAY;AAAA,EAC5B;AAAA,EACA;AACJ;AAEA,2BAA2B;AAC3B,cAAc;",
      "names": []
    },
    "_coverageSchema": "1a1c01bbd47fc00a2c39e90264f33305004495a9",
    "hash": "c627bf963071ec3b7eba8840acf749a113baa573"
  },
  "/home/bartosz/projects/speeddial/src/data/index.ts": {
    "path": "/home/bartosz/projects/speeddial/src/data/index.ts",
    "statementMap": {
      "0": {
        "start": {
          "line": 8,
          "column": 23
        },
        "end": {
          "line": 8,
          "column": 74
        }
      },
      "1": {
        "start": {
          "line": 9,
          "column": 28
        },
        "end": {
          "line": 9,
          "column": 55
        }
      },
      "2": {
        "start": {
          "line": 12,
          "column": 16
        },
        "end": {
          "line": 38,
          "column": 4
        }
      },
      "3": {
        "start": {
          "line": 15,
          "column": 25
        },
        "end": {
          "line": 25,
          "column": 8
        }
      },
      "4": {
        "start": {
          "line": 19,
          "column": 14
        },
        "end": {
          "line": 19,
          "column": 32
        }
      },
      "5": {
        "start": {
          "line": 26,
          "column": 6
        },
        "end": {
          "line": 34,
          "column": 8
        }
      },
      "6": {
        "start": {
          "line": 31,
          "column": 12
        },
        "end": {
          "line": 31,
          "column": 144
        }
      },
      "7": {
        "start": {
          "line": 35,
          "column": 6
        },
        "end": {
          "line": 35,
          "column": 24
        }
      },
      "8": {
        "start": {
          "line": 39,
          "column": 2
        },
        "end": {
          "line": 39,
          "column": 34
        }
      },
      "9": {
        "start": {
          "line": 40,
          "column": 2
        },
        "end": {
          "line": 40,
          "column": 30
        }
      }
    },
    "fnMap": {
      "0": {
        "name": "createStore",
        "decl": {
          "start": {
            "line": 10,
            "column": 16
          },
          "end": {
            "line": 10,
            "column": 27
          }
        },
        "loc": {
          "start": {
            "line": 10,
            "column": 49
          },
          "end": {
            "line": 41,
            "column": 1
          }
        },
        "line": 10
      },
      "1": {
        "name": "(anonymous_1)",
        "decl": {
          "start": {
            "line": 14,
            "column": 16
          },
          "end": {
            "line": 14,
            "column": 17
          }
        },
        "loc": {
          "start": {
            "line": 14,
            "column": 42
          },
          "end": {
            "line": 36,
            "column": 5
          }
        },
        "line": 14
      },
      "2": {
        "name": "(anonymous_2)",
        "decl": {
          "start": {
            "line": 18,
            "column": 12
          },
          "end": {
            "line": 18,
            "column": 13
          }
        },
        "loc": {
          "start": {
            "line": 18,
            "column": 29
          },
          "end": {
            "line": 20,
            "column": 13
          }
        },
        "line": 18
      },
      "3": {
        "name": "(anonymous_3)",
        "decl": {
          "start": {
            "line": 30,
            "column": 10
          },
          "end": {
            "line": 30,
            "column": 11
          }
        },
        "loc": {
          "start": {
            "line": 30,
            "column": 22
          },
          "end": {
            "line": 32,
            "column": 11
          }
        },
        "line": 30
      }
    },
    "branchMap": {
      "0": {
        "loc": {
          "start": {
            "line": 10,
            "column": 28
          },
          "end": {
            "line": 10,
            "column": 47
          }
        },
        "type": "default-arg",
        "locations": [
          {
            "start": {
              "line": 10,
              "column": 43
            },
            "end": {
              "line": 10,
              "column": 47
            }
          }
        ],
        "line": 10
      },
      "1": {
        "loc": {
          "start": {
            "line": 13,
            "column": 15
          },
          "end": {
            "line": 13,
            "column": 56
          }
        },
        "type": "cond-expr",
        "locations": [
          {
            "start": {
              "line": 13,
              "column": 30
            },
            "end": {
              "line": 13,
              "column": 51
            }
          },
          {
            "start": {
              "line": 13,
              "column": 54
            },
            "end": {
              "line": 13,
              "column": 56
            }
          }
        ],
        "line": 13
      },
      "2": {
        "loc": {
          "start": {
            "line": 31,
            "column": 19
          },
          "end": {
            "line": 31,
            "column": 143
          }
        },
        "type": "binary-expr",
        "locations": [
          {
            "start": {
              "line": 31,
              "column": 19
            },
            "end": {
              "line": 31,
              "column": 38
            }
          },
          {
            "start": {
              "line": 31,
              "column": 42
            },
            "end": {
              "line": 31,
              "column": 84
            }
          },
          {
            "start": {
              "line": 31,
              "column": 88
            },
            "end": {
              "line": 31,
              "column": 143
            }
          }
        ],
        "line": 31
      }
    },
    "s": {
      "0": 2,
      "1": 2,
      "2": 2,
      "3": 2,
      "4": 0,
      "5": 2,
      "6": 10,
      "7": 2,
      "8": 2,
      "9": 2
    },
    "f": {
      "0": 2,
      "1": 2,
      "2": 0,
      "3": 10
    },
    "b": {
      "0": [
        2
      ],
      "1": [
        2,
        0
      ],
      "2": [
        10,
        10,
        0
      ]
    },
    "inputSourceMap": {
      "version": 3,
      "sources": [
        "/home/bartosz/projects/speeddial/src/data/index.ts"
      ],
      "mappings": "AAEA,SAAS,sBAAsB;AAC/B,SAAS,uBAAuB,iCAAiC;AACjE,SAAS,oBAAoB;AAE7B,SAAS,oBAAoB;AAC7B,SAAS,OAAO,WAAW,OAAO,SAAS,OAAO,gBAAgB;AAGlE,SAAS,oBAAoB,cAAc;AAC3C,SAAS,oBAAoB,iBAAiB;AAG9C,MAAM,iBAAiB,CAAC,OAAO,WAAW,OAAO,SAAS,OAAO,QAAQ;AAEzE,MAAM,sBAAsB,0BAA0B;AAM/C,gBAAS,YAAY,eAAe,MAAM;AAE7C,MAAI;AAEJ,QAAM,QAAQ,eAAe;AAAA,IACzB,WAAW,eAAe,CAAC,mBAAmB,IAAI,CAAC;AAAA,IACnD,YAAY,0BAAwB;AAChC,YAAM,aAAa,qBAAqB;AAAA,QACpC,OAAO;AAAA,UACH,eAAe;AAAA,YACX,iBAAiB;AACb,wBAAU,MAAM;AAAA,YACpB;AAAA,UACJ;AAAA,QACJ;AAAA,QACA,gBAAgB;AAAA,QAChB,mBAAmB,EAAE,eAAe;AAAA,MACxC,CAAC;AAGD,iBAAW;AAAA,QACP,aAAa;AAAA,UACT,WAAW;AAAA,UACX,MAAM;AAAA,UACN,YAAY;AACR,mBAAQ,YAAY,IAAI,OAAO,YAAY,IAAI,oBAAoB,UAC5D,IAAI,IAAI,OAAO,SAAS,IAAI,EAAE,aAAa,IAAI,OAAO;AAAA,UACjE;AAAA,QACJ,CAAC;AAAA,MACL;AAEA,aAAO;AAAA,IACX;AAAA,IACA,SAAS,EAAE,QAAQ,UAAU;AAAA,EACjC,CAAC;AAED,cAAY,aAAa,KAAK;AAE9B,SAAO,EAAE,OAAO,UAAU;AAC9B;",
      "names": []
    },
    "_coverageSchema": "1a1c01bbd47fc00a2c39e90264f33305004495a9",
    "hash": "337a31a526ebebd99509b632b03f518095ce1294"
  },
  "/home/bartosz/projects/speeddial/src/components/app-footer/index.tsx": {
    "path": "/home/bartosz/projects/speeddial/src/components/app-footer/index.tsx",
    "statementMap": {
      "0": {
        "start": {
          "line": 5,
          "column": 0
        },
        "end": {
          "line": 15,
          "column": 1
        }
      },
      "1": {
        "start": {
          "line": 6,
          "column": 2
        },
        "end": {
          "line": 8,
          "column": 3
        }
      },
      "2": {
        "start": {
          "line": 7,
          "column": 4
        },
        "end": {
          "line": 7,
          "column": 165
        }
      },
      "3": {
        "start": {
          "line": 9,
          "column": 2
        },
        "end": {
          "line": 9,
          "column": 39
        }
      },
      "4": {
        "start": {
          "line": 10,
          "column": 2
        },
        "end": {
          "line": 10,
          "column": 39
        }
      },
      "5": {
        "start": {
          "line": 11,
          "column": 2
        },
        "end": {
          "line": 13,
          "column": 4
        }
      },
      "6": {
        "start": {
          "line": 12,
          "column": 4
        },
        "end": {
          "line": 12,
          "column": 112
        }
      },
      "7": {
        "start": {
          "line": 14,
          "column": 2
        },
        "end": {
          "line": 14,
          "column": 75
        }
      },
      "8": {
        "start": {
          "line": 16,
          "column": 9
        },
        "end": {
          "line": 16,
          "column": 23
        }
      },
      "9": {
        "start": {
          "line": 19,
          "column": 15
        },
        "end": {
          "line": 19,
          "column": 23
        }
      },
      "10": {
        "start": {
          "line": 20,
          "column": 19
        },
        "end": {
          "line": 20,
          "column": 46
        }
      },
      "11": {
        "start": {
          "line": 21,
          "column": 17
        },
        "end": {
          "line": 21,
          "column": 54
        }
      },
      "12": {
        "start": {
          "line": 23,
          "column": 2
        },
        "end": {
          "line": 28,
          "column": 3
        }
      },
      "13": {
        "start": {
          "line": 25,
          "column": 6
        },
        "end": {
          "line": 25,
          "column": 72
        }
      },
      "14": {
        "start": {
          "line": 27,
          "column": 6
        },
        "end": {
          "line": 27,
          "column": 45
        }
      },
      "15": {
        "start": {
          "line": 30,
          "column": 25
        },
        "end": {
          "line": 64,
          "column": 1
        }
      },
      "16": {
        "start": {
          "line": 33,
          "column": 2
        },
        "end": {
          "line": 33,
          "column": 7
        }
      },
      "17": {
        "start": {
          "line": 36,
          "column": 6
        },
        "end": {
          "line": 36,
          "column": 22
        }
      },
      "18": {
        "start": {
          "line": 37,
          "column": 2
        },
        "end": {
          "line": 63,
          "column": 11
        }
      },
      "19": {
        "start": {
          "line": 65,
          "column": 0
        },
        "end": {
          "line": 67,
          "column": 3
        }
      },
      "20": {
        "start": {
          "line": 66,
          "column": 2
        },
        "end": {
          "line": 66,
          "column": 26
        }
      },
      "21": {
        "start": {
          "line": 68,
          "column": 0
        },
        "end": {
          "line": 68,
          "column": 15
        }
      },
      "22": {
        "start": {
          "line": 70,
          "column": 0
        },
        "end": {
          "line": 70,
          "column": 30
        }
      },
      "23": {
        "start": {
          "line": 71,
          "column": 0
        },
        "end": {
          "line": 84,
          "column": 1
        }
      },
      "24": {
        "start": {
          "line": 72,
          "column": 2
        },
        "end": {
          "line": 72,
          "column": 39
        }
      },
      "25": {
        "start": {
          "line": 73,
          "column": 2
        },
        "end": {
          "line": 73,
          "column": 39
        }
      },
      "26": {
        "start": {
          "line": 74,
          "column": 2
        },
        "end": {
          "line": 83,
          "column": 5
        }
      },
      "27": {
        "start": {
          "line": 75,
          "column": 4
        },
        "end": {
          "line": 75,
          "column": 138
        }
      },
      "28": {
        "start": {
          "line": 76,
          "column": 4
        },
        "end": {
          "line": 82,
          "column": 7
        }
      },
      "29": {
        "start": {
          "line": 77,
          "column": 6
        },
        "end": {
          "line": 78,
          "column": 15
        }
      },
      "30": {
        "start": {
          "line": 78,
          "column": 8
        },
        "end": {
          "line": 78,
          "column": 15
        }
      },
      "31": {
        "start": {
          "line": 79,
          "column": 32
        },
        "end": {
          "line": 79,
          "column": 115
        }
      },
      "32": {
        "start": {
          "line": 80,
          "column": 6
        },
        "end": {
          "line": 81,
          "column": 54
        }
      },
      "33": {
        "start": {
          "line": 81,
          "column": 8
        },
        "end": {
          "line": 81,
          "column": 54
        }
      }
    },
    "fnMap": {
      "0": {
        "name": "(anonymous_0)",
        "decl": {
          "start": {
            "line": 11,
            "column": 24
          },
          "end": {
            "line": 11,
            "column": 25
          }
        },
        "loc": {
          "start": {
            "line": 11,
            "column": 38
          },
          "end": {
            "line": 13,
            "column": 3
          }
        },
        "line": 11
      },
      "1": {
        "name": "getBuildDescription",
        "decl": {
          "start": {
            "line": 22,
            "column": 9
          },
          "end": {
            "line": 22,
            "column": 28
          }
        },
        "loc": {
          "start": {
            "line": 22,
            "column": 31
          },
          "end": {
            "line": 29,
            "column": 1
          }
        },
        "line": 22
      },
      "2": {
        "name": "(anonymous_2)",
        "decl": {
          "start": {
            "line": 30,
            "column": 25
          },
          "end": {
            "line": 30,
            "column": 26
          }
        },
        "loc": {
          "start": {
            "line": 32,
            "column": 6
          },
          "end": {
            "line": 64,
            "column": 1
          }
        },
        "line": 32
      },
      "3": {
        "name": "(anonymous_3)",
        "decl": {
          "start": {
            "line": 65,
            "column": 53
          },
          "end": {
            "line": 65,
            "column": 54
          }
        },
        "loc": {
          "start": {
            "line": 65,
            "column": 64
          },
          "end": {
            "line": 67,
            "column": 1
          }
        },
        "line": 65
      },
      "4": {
        "name": "(anonymous_4)",
        "decl": {
          "start": {
            "line": 74,
            "column": 52
          },
          "end": {
            "line": 74,
            "column": 53
          }
        },
        "loc": {
          "start": {
            "line": 74,
            "column": 72
          },
          "end": {
            "line": 83,
            "column": 3
          }
        },
        "line": 74
      },
      "5": {
        "name": "(anonymous_5)",
        "decl": {
          "start": {
            "line": 76,
            "column": 27
          },
          "end": {
            "line": 76,
            "column": 28
          }
        },
        "loc": {
[...]
    },
    "f": {
      "0": 2,
      "1": 4,
      "2": 2,
      "3": 2,
      "4": 0
    },
    "b": {
      "0": [
        2,
        0
      ],
      "1": [
        0,
        2
      ],
      "2": [
        2,
        0
      ],
      "3": [
        0,
        0
      ],
      "4": [
        0,
        0
      ]
    },
    "inputSourceMap": {
      "version": 3,
      "mappings": "AASQ;;;;;;;;;;;;;;;;AATR,SAASA,qBAAqB;AAC9B,SAASC,mBAAmB;AAG5B,SAASC,sBAAsB;AAGxB,aAAMC,YAAmCA,CAAC;AAAA,EAAEC;AAAS,MAAC;AAAAC,KAAA;AAAA,SACzD,uBAAC,iBAAc,OAAOH,eAAe,GACjC;AAAA,2BAAC,iBAAD;AAAA;AAAA;AAAA;AAAA,WAAY;AAAA,IACXE;AAAAA,OAFL;AAAA;AAAA;AAAA;AAAA,SAGA;AAAgB;AAClBC,GALWF,WAAgC;AAAA,UACnBD,cAAc;AAAA;AAAAI,KAD3BH;AAAgC,IAAAG;AAAAC,aAAAD,IAAA",
      "names": [
        "ThemeProvider",
        "CssBaseline",
        "useCreateTheme",
        "ThemedApp",
        "children",
        "_s",
        "_c",
        "$RefreshReg$"
      ],
      "sources": [
        "/home/bartosz/projects/speeddial/src/theme/themed-app.tsx"
      ],
      "file": "/home/bartosz/projects/speeddial/src/theme/themed-app.tsx"
    },
    "_coverageSchema": "1a1c01bbd47fc00a2c39e90264f33305004495a9",
    "hash": "5c94e583b1c46e9c93825e1ac3d7fe8fede6a3e9"
  },
  "/home/bartosz/projects/speeddial/src/index.tsx": {
    "path": "/home/bartosz/projects/speeddial/src/index.tsx",
    "statementMap": {
      "0": {
        "start": {
          "line": 5,
          "column": 0
        },
        "end": {
          "line": 15,
          "column": 1
        }
      },
      "1": {
        "start": {
          "line": 6,
          "column": 2
        },
        "end": {
          "line": 8,
          "column": 3
        }
      },
      "2": {
        "start": {
          "line": 7,
          "column": 4
        },
        "end": {
          "line": 7,
          "column": 165
        }
      },
      "3": {
        "start": {
          "line": 9,
          "column": 2
        },
        "end": {
          "line": 9,
          "column": 39
        }
      },
      "4": {
        "start": {
          "line": 10,
          "column": 2
        },
        "end": {
          "line": 10,
          "column": 39
        }
      },
      "5": {
        "start": {
          "line": 11,
          "column": 2
        },
        "end": {
          "line": 13,
          "column": 4
        }
      },
      "6": {
        "start": {
          "line": 12,
          "column": 4
        },
        "end": {
          "line": 12,
          "column": 90
        }
      },
      "7": {
        "start": {
          "line": 14,
          "column": 2
        },
        "end": {
          "line": 14,
          "column": 75
        }
      },
      "8": {
        "start": {
          "line": 29,
          "column": 4
        },
        "end": {
          "line": 29,
          "column": 17
        }
      },
      "9": {
        "start": {
          "line": 30,
          "column": 36
        },
        "end": {
          "line": 50,
          "column": 1
        }
      },
      "10": {
        "start": {
          "line": 34,
          "column": 2
        },
        "end": {
          "line": 44,
          "column": 3
        }
      },
      "11": {
        "start": {
          "line": 35,
          "column": 4
        },
        "end": {
          "line": 43,
          "column": 13
        }
      },
      "12": {
        "start": {
          "line": 45,
          "column": 2
        },
        "end": {
          "line": 49,
          "column": 11
        }
      },
      "13": {
        "start": {
          "line": 51,
          "column": 0
        },
        "end": {
          "line": 51,
          "column": 33
        }
      },
      "14": {
        "start": {
          "line": 52,
          "column": 13
        },
        "end": {
          "line": 52,
          "column": 64
        }
      },
      "15": {
        "start": {
          "line": 53,
          "column": 0
        },
        "end": {
          "line": 77,
          "column": 10
        }
      },
      "16": {
        "start": {
          "line": 79,
          "column": 0
        },
        "end": {
          "line": 79,
          "column": 48
        }
      },
      "17": {
        "start": {
          "line": 80,
          "column": 0
        },
        "end": {
          "line": 93,
          "column": 1
        }
      },
      "18": {
        "start": {
          "line": 81,
          "column": 2
        },
        "end": {
          "line": 81,
          "column": 39
        }
      },
      "19": {
        "start": {
          "line": 82,
          "column": 2
        },
        "end": {
          "line": 82,
          "column": 39
        }
      },
      "20": {
        "start": {
          "line": 83,
          "column": 2
        },
        "end": {
          "line": 92,
          "column": 5
        }
      },
      "21": {
        "start": {
          "line": 84,
          "column": 4
        },
        "end": {
          "line": 84,
          "column": 116
        }
      },
      "22": {
        "start": {
          "line": 85,
          "column": 4
        },
        "end": {
          "line": 91,
          "column": 7
        }
      },
      "23": {
        "start": {
          "line": 86,
          "column": 6
        },
        "end": {
          "line": 87,
          "column": 15
        }
      },
      "24": {
        "start": {
          "line": 87,
          "column": 8
        },
        "end": {
          "line": 87,
          "column": 15
        }
      },
      "25": {
        "start": {
          "line": 88,
          "column": 32
        },
        "end": {
          "line": 88,
          "column": 115
        }
      },
      "26": {
        "start": {
          "line": 89,
          "column": 6
        },
        "end": {
          "line": 90,
          "column": 54
        }
      },
      "27": {
        "start": {
          "line": 90,
          "column": 8
        },
        "end": {
          "line": 90,
          "column": 54
        }
      }
    },
    "fnMap": {
      "0": {
        "name": "(anonymous_0)",
        "decl": {
          "start": {
            "line": 11,
            "column": 24
          },
          "end": {
            "line": 11,
            "column": 25
          }
        },
        "loc": {
          "start": {
            "line": 11,
            "column": 38
          },
          "end": {
            "line": 13,
            "column": 3
          }
        },
        "line": 11
      },
      "1": {
        "name": "(anonymous_1)",
        "decl": {
          "start": {
            "line": 30,
            "column": 36
          },
          "end": {
            "line": 30,
            "column": 37
          }
        },
        "loc": {
          "start": {
            "line": 33,
            "column": 6
          },
          "end": {
            "line": 50,
            "column": 1
          }
        },
        "line": 33
      },
      "2": {
        "name": "(anonymous_2)",
        "decl": {
          "start": {
            "line": 83,
            "column": 52
          },
          "end": {
            "line": 83,
            "column": 53
          }
        },
        "loc": {
          "start": {
            "line": 83,
            "column": 72
          },
          "end": {
            "line": 92,
            "column": 3
          }
        },
        "line": 83
      },
      "3": {
        "name": "(anonymous_3)",
        "decl": {
          "start": {
            "line": 85,
            "column": 27
          },
          "end": {
            "line": 85,
            "column": 28
          }
        },
        "loc": {
          "start": {
            "line": 85,
            "column": 44
          },
          "end": {
            "line": 91,
            "column": 5
          }
        },
        "line": 85
      }
    },
    "branchMap": {
      "0": {
        "loc": {
          "start": {
            "line": 5,
            "column": 0
          },
          "end": {
            "line": 15,
            "column": 1
          }
        },
        "type": "if",
        "locations": [
          {
            "start": {
              "line": 5,
              "column": 0
            },
            "end": {
              "line": 15,
              "column": 1
            }
          },
          {
            "start": {},
            "end": {}
          }
        ],
        "line": 5
      },
      "1": {
        "loc": {
          "start": {
            "line": 6,
            "column": 2
          },
          "end": {
            "line": 8,
            "column": 3
          }
        },
        "type": "if",
        "locations": [
          {
            "start": {
              "line": 6,
              "column": 2
            },
            "end": {
              "line": 8,
              "column": 3
            }
          },
          {
            "start": {},
            "end": {}
          }
        ],
        "line": 6
      },
      "2": {
        "loc": {
          "start": {
            "line": 34,
            "column": 2
          },
          "end": {
            "line": 44,
            "column": 3
          }
        },
        "type": "if",
        "locations": [
          {
            "start": {
              "line": 34,
              "column": 2
            },
            "end": {
              "line": 44,
              "column": 3
            }
          },
          {
            "start": {},
            "end": {}
          }
        ],
        "line": 34
      },
      "3": {
        "loc": {
          "start": {
            "line": 80,
            "column": 0
          },
          "end": {
            "line": 93,
            "column": 1
          }
        },
        "type": "if",
        "locations": [
          {
            "start": {
              "line": 80,
              "column": 0
            },
            "end": {
              "line": 93,
              "column": 1
            }
          },
          {
            "start": {},
            "end": {}
          }
        ],
        "line": 80
      },
      "4": {
        "loc": {
          "start": {
            "line": 86,
            "column": 6
          },
          "end": {
            "line": 87,
            "column": 15
          }
        },
        "type": "if",
        "locations": [
          {
            "start": {
              "line": 86,
              "column": 6
            },
            "end": {
              "line": 87,
              "column": 15
            }
          },
          {
            "start": {},
            "end": {}
          }
        ],
        "line": 86
      },
      "5": {
        "loc": {
          "start": {
            "line": 89,
            "column": 6
          },
          "end": {
            "line": 90,
            "column": 54
          }
        },
        "type": "if",
        "locations": [
          {
            "start": {
              "line": 89,
              "column": 6
            },
            "end": {
              "line": 90,
              "column": 54
            }
          },
          {
            "start": {},
            "end": {}
          }
        ],
        "line": 89
      }
    },
    "s": {
      "0": 2,
      "1": 2,
      "2": 0,
      "3": 2,
      "4": 2,
      "5": 2,
      "6": 2,
      "7": 2,
      "8": 2,
      "9": 2,
      "10": 4,
      "11": 0,
      "12": 4,
      "13": 2,
      "14": 2,
      "15": 2,
      "16": 2,
      "17": 2,
      "18": 2,
      "19": 2,
      "20": 2,
      "21": 2,
      "22": 2,
      "23": 0,
      "24": 0,
      "25": 0,
      "26": 0,
      "27": 0
    },
    "f": {
      "0": 2,
      "1": 4,
      "2": 2,
      "3": 0
    },
    "b": {
      "0": [
        2,
        0
      ],
      "1": [
        0,
        2
      ],
      "2": [
        0,
        4
      ],
      "3": [
        2,
        0
      ],
      "4": [
        0,
        0
      ],
      "5": [
        0,
        0
      ]
    },
    "inputSourceMap": {
      "version": 3,
      "mappings": "AAoB8C,SAGnC,UAHmC;AApB9C;AAAA;AAAA;AAAA;AAAA;AAAA;AAAA;AAAA;AAAA;AAAA;AAAA;AAAA;AAAA;AAAA;AACA,SAASA,iBAAiBC,2BAA2B;AAErD,SAASC,kBAAkB;AAC3B,SAASC,cAAcC,0BAA0B;AACjD,SAASC,YAAYC,qBAAqB;AAC1C,SAASC,mBAAmB;AAE5B,OAAO;AACP,OAAO;AAEP,SAASC,mBAAmB;AAC5B,SAASC,iBAAiB;AAC1B,SAASC,iBAAiB;AAGnB,aAAM;AAAA,EAAEC;AAAAA,EAAOC;AAAU,IAAIJ,YAAY;AAEhD,MAAMK,8BAA+EA,CAAC;AAAA,EAAEC;AAAAA,EAAUC;AAAY,MAAM;AAChH,MAAIA,aAAa;AACb,WAAO,uBAAC,uBAAoB,UAAU,uBAAC,OAAE,qCAAH;AAAA;AAAA;AAAA;AAAA,WAAwB,GAAOD,YAA9D;AAAA;AAAA;AAAA;AAAA,WAAuE;AAAA,EAClF;AAEA,SAAO,mCAAGA,YAAH;AAAA;AAAA;AAAA;AAAA,SAAY;AACvB;AAAEE,KANIH;AAQN,MAAMI,OAAOb,mBACTc,SAASC,eAAe,MAAM,CAClC;AAEAF,KAAKG,OACD,uBAAC,cACG,iCAAC,+BAA4B,aAAaC,YAAYC,IAAIC,MACtD,iCAAC,iBAAc,OACX,iCAAC,eAAY,SAAS,MAAM,WACxB,iCAAC,aACG,iCAAC,eAAD;AAAA;AAAA;AAAA;AAAA,OAAU,KADd;AAAA;AAAA;AAAA;AAAA,OAEA,KAHJ;AAAA;AAAA;AAAA;AAAA,OAIA,KALJ;AAAA;AAAA;AAAA;AAAA,OAMA,KAPJ;AAAA;AAAA;AAAA;AAAA,OAQA,KATJ;AAAA;AAAA;AAAA;AAAA,OAUA,CACJ;AAAE,IAAAP;AAAAQ,aAAAR,IAAA",
      "names": [
        "ErrorBoundary",
        "SentryErrorBoundary",
        "StrictMode",
        "createRoot",
        "createReactDOMRoot",
        "Provider",
        "StoreProvider",
        "PersistGate",
        "createStore",
        "AppLayout",
        "ThemedApp",
        "store",
        "persistor",
        "MaybeUseSentryErrorBoundary",
        "children",
        "useBoundary",
        "_c",
        "root",
        "document",
        "getElementById",
        "render",
        "import",
        "env",
        "PROD",
        "$RefreshReg$"
      ],
      "sources": [
        "/home/bartosz/projects/speeddial/src/index.tsx"
      ],
      "file": "/home/bartosz/projects/speeddial/src/index.tsx"
    },
    "_coverageSchema": "1a1c01bbd47fc00a2c39e90264f33305004495a9",
    "hash": "c168ceb7b6ff3ebfda3d2940c0d277a2155f7dde"
  },
  "/home/bartosz/projects/speeddial/src/data/speeddial/selectors.test.ts": {
    "path": "/home/bartosz/projects/speeddial/src/data/speeddial/selectors.test.ts",
    "statementMap": {},
    "fnMap": {},
    "branchMap": {},
    "s": {},
    "f": {},
    "b": {}
  },
  "/home/bartosz/projects/speeddial/src/data/speeddial/slice.test.ts": {
    "path": "/home/bartosz/projects/speeddial/src/data/speeddial/slice.test.ts",
    "statementMap": {},
    "fnMap": {},
    "branchMap": {},
    "s": {},
    "f": {},
    "b": {}
  },
  "/home/bartosz/projects/speeddial/src/components/speeddial/hooks/__tests__/use-draft.test.ts": {
    "path": "/home/bartosz/projects/speeddial/src/components/speeddial/hooks/__tests__/use-draft.test.ts",
    "statementMap": {},
    "fnMap": {},
    "branchMap": {},
    "s": {},
    "f": {},
    "b": {}
  },
  "/home/bartosz/projects/speeddial/src/components/speeddial/hooks/__tests__/use-fetch-metadata.test.ts": {
    "path": "/home/bartosz/projects/speeddial/src/components/speeddial/hooks/__tests__/use-fetch-metadata.test.ts",
    "statementMap": {},
    "fnMap": {},
    "branchMap": {},
    "s": {},
    "f": {},
    "b": {}
  },
  "/home/bartosz/projects/speeddial/src/components/speeddial/hooks/__tests__/use-form-handlers.test.ts": {
    "path": "/home/bartosz/projects/speeddial/src/components/speeddial/hooks/__tests__/use-form-handlers.test.ts",
    "statementMap": {},
    "fnMap": {},
    "branchMap": {},
    "s": {},
    "f": {},
    "b": {}
  },
  "/home/bartosz/projects/speeddial/src/__tests__/app.test.tsx": {
    "path": "/home/bartosz/projects/speeddial/src/__tests__/app.test.tsx",
    "statementMap": {},
    "fnMap": {},
    "branchMap": {},
    "s": {},
    "f": {},
    "b": {}
  },
  "/home/bartosz/projects/speeddial/src/components/app-footer/index.test.tsx": {
    "path": "/home/bartosz/projects/speeddial/src/components/app-footer/index.test.tsx",
    "statementMap": {},
    "fnMap": {},
    "branchMap": {},
    "s": {},
    "f": {},
    "b": {}
  },
  "/home/bartosz/projects/speeddial/src/components/search/index.test.tsx": {
    "path": "/home/bartosz/projects/speeddial/src/components/search/index.test.tsx",
    "statementMap": {},
    "fnMap": {},
    "branchMap": {},
    "s": {},
    "f": {},
    "b": {}
  },
  "/home/bartosz/projects/speeddial/src/components/settings/index.test.tsx": {
    "path": "/home/bartosz/projects/speeddial/src/components/settings/index.test.tsx",
    "statementMap": {},
    "fnMap": {},
    "branchMap": {},
    "s": {},
    "f": {},
    "b": {}
  },
  "/home/bartosz/projects/speeddial/src/components/speeddial/__tests__/edit-group-dialog.test.tsx": {
    "path": "/home/bartosz/projects/speeddial/src/components/speeddial/__tests__/edit-group-dialog.test.tsx",
    "statementMap": {},
    "fnMap": {},
    "branchMap": {},
    "s": {},
    "f": {},
    "b": {}
  },
  "/home/bartosz/projects/speeddial/src/components/speeddial/__tests__/edit-link-dialog.test.tsx": {
    "path": "/home/bartosz/projects/speeddial/src/components/speeddial/__tests__/edit-link-dialog.test.tsx",
    "statementMap": {},
    "fnMap": {},
    "branchMap": {},
    "s": {},
    "f": {},
    "b": {}
  },
  "/home/bartosz/projects/speeddial/src/components/speeddial/__tests__/group-contents.test.tsx": {
    "path": "/home/bartosz/projects/speeddial/src/components/speeddial/__tests__/group-contents.test.tsx",
    "statementMap": {},
    "fnMap": {},
    "branchMap": {},
    "s": {},
    "f": {},
    "b": {}
  },
  "/home/bartosz/projects/speeddial/src/components/speeddial/__tests__/index.test.tsx": {
    "path": "/home/bartosz/projects/speeddial/src/components/speeddial/__tests__/index.test.tsx",
    "statementMap": {},
    "fnMap": {},
    "branchMap": {},
    "s": {},
    "f": {},
    "b": {}
  },
  "/home/bartosz/projects/speeddial/src/components/speeddial/__tests__/speeddial-create-tile.test.tsx": {
    "path": "/home/bartosz/projects/speeddial/src/components/speeddial/__tests__/speeddial-create-tile.test.tsx",
    "statementMap": {},
    "fnMap": {},
    "branchMap": {},
    "s": {},
    "f": {},
    "b": {}
  },
  "/home/bartosz/projects/speeddial/src/components/speeddial/__tests__/speeddial-manage-tile.test.tsx": {
    "path": "/home/bartosz/projects/speeddial/src/components/speeddial/__tests__/speeddial-manage-tile.test.tsx",
    "statementMap": {},
    "fnMap": {},
    "branchMap": {},
    "s": {},
    "f": {},
    "b": {}
  },
  "/home/bartosz/projects/speeddial/src/components/speeddial/__tests__/tile-group.test.tsx": {
    "path": "/home/bartosz/projects/speeddial/src/components/speeddial/__tests__/tile-group.test.tsx",
    "statementMap": {},
    "fnMap": {},
    "branchMap": {},
    "s": {},
    "f": {},
    "b": {}
  },
  "/home/bartosz/projects/speeddial/src/components/speeddial/__tests__/tile-link.test.tsx": {
    "path": "/home/bartosz/projects/speeddial/src/components/speeddial/__tests__/tile-link.test.tsx",
    "statementMap": {},
    "fnMap": {},
    "branchMap": {},
    "s": {},
    "f": {},
    "b": {}
  },
  "/home/bartosz/projects/speeddial/src/components/speeddial/components/__tests__/add-tile.test.tsx": {
    "path": "/home/bartosz/projects/speeddial/src/components/speeddial/components/__tests__/add-tile.test.tsx",
    "statementMap": {},
    "fnMap": {},
    "branchMap": {},
    "s": {},
    "f": {},
    "b": {}
  },
  "/home/bartosz/projects/speeddial/src/components/speeddial/components/__tests__/tile.test.tsx": {
    "path": "/home/bartosz/projects/speeddial/src/components/speeddial/components/__tests__/tile.test.tsx",
    "statementMap": {},
    "fnMap": {},
    "branchMap": {},
    "s": {},
    "f": {},
    "b": {}
  },
  "/home/bartosz/projects/speeddial/src/components/speeddial/hooks/__tests__/use-context-menu.test.tsx": {
    "path": "/home/bartosz/projects/speeddial/src/components/speeddial/hooks/__tests__/use-context-menu.test.tsx",
    "statementMap": {},
    "fnMap": {},
    "branchMap": {},
    "s": {},
    "f": {},
    "b": {}
  }
}
